#
# A fatal error has been detected by the Java Runtime Environment:
#
#  Internal Error (javaClasses.cpp:129), pid=8528, tid=9540
#  fatal error: Invalid layout of preloaded class
#
# JRE version: 7.0_25-b17
# Java VM: Java HotSpot(TM) Client VM (23.25-b01 mixed mode windows-x86 )
# Failed to write core dump. Minidumps are not enabled by default on client versions of Windows
#
# If you would like to submit a bug report, please visit:
#   http://bugreport.sun.com/bugreport/crash.jsp
#

---------------  T H R E A D  ---------------

Current thread (0x0015b000):  JavaThread "Unknown thread" [_thread_in_vm, id=9540, stack(0x00460000,0x004b0000)]

Stack: [0x00460000,0x004b0000],  sp=0x004af324,  free space=316k
Native frames: (J=compiled Java code, j=interpreted, Vv=VM code, C=native code)
V  [jvm.dll+0x167e31]
V  [jvm.dll+0x1620f6]
V  [jvm.dll+0x1f92f]
V  [jvm.dll+0x1f9b6]
V  [jvm.dll+0x2cffd]
V  [jvm.dll+0x2d2a9]
V  [jvm.dll+0x75351]
V  [jvm.dll+0x7570b]
V  [jvm.dll+0x123881]
V  [jvm.dll+0x1439cc]
V  [jvm.dll+0xa619f]
C  [javaw.exe+0x13ca]
C  [javaw.exe+0x1e3c]
C  [javaw.exe+0xa5b1]
C  [javaw.exe+0xa63b]
C  [kernel32.dll+0x51154]  BaseThreadInitThunk+0x12
C  [ntdll.dll+0x5b299]  RtlInitializeExceptionChain+0x63
C  [ntdll.dll+0x5b26c]  RtlInitializeExceptionChain+0x36


---------------  P R O C E S S  ---------------

Java Threads: ( => current thread )

Other Threads:

=>0x0015b000 (exited) JavaThread "Unknown thread" [_thread_in_vm, id=9540, stack(0x00460000,0x004b0000)]

VM state:not at safepoint (not fully initialized)

VM Mutex/Monitor currently owned by a thread: None

GC Heap History (0 events):
No events

Deoptimization events (0 events):
No events

Internal exceptions (0 events):
No events

Events (10 events):
Event: 0.073 loading class 0x01216990 done
Event: 0.073 loading class 0x01215510 done
Event: 0.073 loading class 0x012154e8
Event: 0.074 loading class 0x0128ac60
Event: 0.074 loading class 0x0128ac60 done
Event: 0.074 loading class 0x0128ac98
Event: 0.074 loading class 0x0128ac98 done
Event: 0.074 loading class 0x01280e78
Event: 0.093 loading class 0x01280e78 done
Event: 0.093 loading class 0x012154e8 done


Dynamic libraries:
0x01330000 - 0x0135f000 	D:\Java\jre\bin\javaw.exe
0x77730000 - 0x7786c000 	C:\Windows\SYSTEM32\ntdll.dll
0x76620000 - 0x766f4000 	C:\Windows\system32\kernel32.dll
0x75720000 - 0x7576b000 	C:\Windows\system32\KERNELBASE.dll
0x77890000 - 0x77930000 	C:\Windows\system32\ADVAPI32.dll
0x773d0000 - 0x7747c000 	C:\Windows\system32\msvcrt.dll
0x77550000 - 0x77569000 	C:\Windows\SYSTEM32\sechost.dll
0x76a00000 - 0x76aa1000 	C:\Windows\system32\RPCRT4.dll
0x76db0000 - 0x76e79000 	C:\Windows\system32\USER32.dll
0x76800000 - 0x7684e000 	C:\Windows\system32\GDI32.dll
0x76990000 - 0x7699a000 	C:\Windows\system32\LPK.dll
0x76d10000 - 0x76dad000 	C:\Windows\system32\USP10.dll
0x74420000 - 0x745be000 	C:\Windows\WinSxS\x86_microsoft.windows.common-controls_6595b64144ccf1df_6.0.7600.16661_none_420fe3fa2b8113bd\COMCTL32.dll
0x769a0000 - 0x769f7000 	C:\Windows\system32\SHLWAPI.dll
0x76e80000 - 0x76e9f000 	C:\Windows\system32\IMM32.DLL
0x77480000 - 0x7754c000 	C:\Windows\system32\MSCTF.dll
0x5f340000 - 0x5f3fe000 	D:\Java\jre\bin\msvcr100.dll
0x63370000 - 0x636b2000 	D:\Java\jre\bin\client\jvm.dll
0x6fff0000 - 0x6fff7000 	C:\Windows\system32\WSOCK32.dll
0x76b30000 - 0x76b65000 	C:\Windows\system32\WS2_32.dll
0x77880000 - 0x77886000 	C:\Windows\system32\NSI.dll
0x756c0000 - 0x756f2000 	C:\Windows\system32\WINMM.dll
0x76610000 - 0x76615000 	C:\Windows\system32\PSAPI.DLL
0x69700000 - 0x6970c000 	D:\Java\jre\bin\verify.dll
0x696e0000 - 0x69700000 	D:\Java\jre\bin\java.dll
0x696c0000 - 0x696d3000 	D:\Java\jre\bin\zip.dll
0x70000000 - 0x700eb000 	C:\Windows\system32\dbghelp.dll

VM Arguments:
jvm_args: -Dfile.encoding=GBK -Xbootclasspath:D:\AndroidEnv\AndroidSDKNew\sdk\platforms\android-17\android.jar 
java_command: iet.jxufe.cn.android.musicplayer.MusicUtils
Launcher Type: SUN_STANDARD

Environment Variables:
JAVA_HOME=D:\Java\jdk1.7.0
CLASSPATH=.;.;D:\Java\JMF21~1.1E\lib\sound.jar;D:\Java\JMF21~1.1E\lib\jmf.jar;D:\Java\JMF21~1.1E\lib;
PATH=D:/Java/jre/bin/client;D:/Java/jre/bin;D:/Java/jre/lib/i386;C:\Program Files\NVIDIA Corporation\PhysX\Common;C:\Windows\system32;C:\Windows;C:\Windows\System32\Wbem;C:\Windows\System32\WindowsPowerShell\v1.0\;D:\AndroidEnv\androidSDK\sdk\tools;D:\AndroidEnv\androidSDK\sdk\platform-tools;C:\Program Files\TortoiseSVN\bin;C:\apache-ant-1.9.1\bin;D:\Java\jdk1.7.0\bin;D:\Program Files\MySQL\MySQL Server 5.5\bin;D:\Java\jdk1.7.0\bin;C:\Program Files\Microsoft SQL Server\100\Tools\Binn\;C:\Program Files\Microsoft SQL Server\100\DTS\Binn\;C:\Program Files\Microsoft SQL Server\100\Tools\Binn\VSShell\Common7\IDE\;C:\Program Files\Microsoft Visual Studio 9.0\Common7\IDE\PrivateAssemblies\;D:\AndroidEnv\AndroidSDKNew\eclipse;
USERNAME=dream
OS=Windows_NT
PROCESSOR_IDENTIFIER=x86 Family 6 Model 42 Stepping 7, GenuineIntel



---------------  S Y S T E M  ---------------

OS: Windows 7 Build 7600 

CPU:total 2 (2 cores per cpu, 1 threads per core) family 6 model 42 stepping 7, cmov, cx8, fxsr, mmx, sse, sse2, sse3, ssse3, sse4.1, sse4.2, popcnt, tsc, tscinvbit

Memory: 4k page, physical 3135920k(1218728k free), swap 6270076k(3520448k free)

vm_info: Java HotSpot(TM) Client VM (23.25-b01) for windows-x86 JRE (1.7.0_25-b17), built on Jun 21 2013 13:06:48 by "java_re" with unknown MS VC++:1600

time: Sat Nov 16 21:26:14 2013
elapsed time: 0 seconds

